  Box.cpp
  Cylinder.cpp
C:\Users\Daniel\Desktop\Pro_Final_CG\ProyectoFinalCompu_Grafica\09-Modelos\src\Headers\AbstractModel.h(14,10): error C1083:  No se puede abrir el archivo incluir: 'GL/glew.h': No such file or directory
  FirstPersonCamera.cpp
C:\Users\Daniel\Desktop\Pro_Final_CG\ProyectoFinalCompu_Grafica\09-Modelos\src\Headers\AbstractModel.h(14,10): error C1083:  No se puede abrir el archivo incluir: 'GL/glew.h': No such file or directory
  main.cpp
C:\Users\Daniel\Desktop\Pro_Final_CG\ProyectoFinalCompu_Grafica\09-Modelos\src\Headers\Camera.h(9,10): error C1083:  No se puede abrir el archivo incluir: 'glm/glm.hpp': No such file or directory
  Mesh.cpp
C:\Users\Daniel\Desktop\Pro_Final_CG\ProyectoFinalCompu_Grafica\09-Modelos\src\main.cpp(4,10): error C1083:  No se puede abrir el archivo incluir: 'GL/glew.h': No such file or directory
  Model.cpp
C:\Users\Daniel\Desktop\Pro_Final_CG\ProyectoFinalCompu_Grafica\09-Modelos\src\Headers\Mesh.h(18,10): error C1083:  No se puede abrir el archivo incluir: 'GL/glew.h': No such file or directory
  Shader.cpp
C:\Users\Daniel\Desktop\Pro_Final_CG\ProyectoFinalCompu_Grafica\09-Modelos\src\Headers\Mesh.h(18,10): error C1083:  No se puede abrir el archivo incluir: 'GL/glew.h': No such file or directory
  Sphere.cpp
C:\Users\Daniel\Desktop\Pro_Final_CG\ProyectoFinalCompu_Grafica\09-Modelos\src\Headers\Shader.h(6,10): error C1083:  No se puede abrir el archivo incluir: 'GL/glew.h': No such file or directory
  Texture.cpp
C:\Users\Daniel\Desktop\Pro_Final_CG\ProyectoFinalCompu_Grafica\09-Modelos\src\Headers\AbstractModel.h(14,10): error C1083:  No se puede abrir el archivo incluir: 'GL/glew.h': No such file or directory
  TimeManager.cpp
  Generando código...
C:\Users\Daniel\Desktop\Pro_Final_CG\ProyectoFinalCompu_Grafica\09-Modelos\src\Headers\Texture.h(10,10): error C1083:  No se puede abrir el archivo incluir: 'GL/glew.h': No such file or directory
